<?xml version="1.0" encoding="UTF-8"?>
<!-- Generated by org.testng.reporters.JUnitXMLReporter -->
<testsuite hostname="LAPTOP-5DN4VF2K" ignored="1" name="RegressionTest" tests="2" failures="2" timestamp="2022-12-11T20:31:37 GMT" time="0.623" errors="0">
  <testcase name="verifyUserShouldLoginSuccessfullyWithValidCredentials" time="0.012" classname="com.herokuapp.internet.testsuite.LoginPageTest">
    <failure type="java.lang.NullPointerException">
      <![CDATA[java.lang.NullPointerException
at org.openqa.selenium.support.pagefactory.DefaultElementLocator.findElement(DefaultElementLocator.java:70)
at org.openqa.selenium.support.pagefactory.internal.LocatingElementHandler.invoke(LocatingElementHandler.java:39)
at com.sun.proxy.$Proxy12.toString(Unknown Source)
at com.herokuapp.internet.pages.LoginPage.enterUsername(LoginPage.java:39)
at com.herokuapp.internet.testsuite.LoginPageTest.verifyUserShouldLoginSuccessfullyWithValidCredentials(LoginPageTest.java:21)
at java.util.ArrayList.forEach(ArrayList.java:1249)
at com.intellij.rt.testng.IDEARemoteTestNG.run(IDEARemoteTestNG.java:66)
at com.intellij.rt.testng.RemoteTestNGStarter.main(RemoteTestNGStarter.java:109)
... Removed 24 stack frames]]>
    </failure>
  </testcase> <!-- verifyUserShouldLoginSuccessfullyWithValidCredentials -->
  <testcase name="verifyUserShouldLoginSuccessfullyWithValidCredentials" time="0.119" classname="com.herokuapp.internet.testsuite.LoginPageTest">
    <failure type="java.lang.NullPointerException">
      <![CDATA[java.lang.NullPointerException
at com.herokuapp.internet.utility.Utility.takeScreenShot(Utility.java:352)
at com.herokuapp.internet.customlisteners.CustomListeners.onTestFailure(CustomListeners.java:36)
at java.util.ArrayList.forEach(ArrayList.java:1249)
at com.intellij.rt.testng.IDEARemoteTestNG.run(IDEARemoteTestNG.java:66)
at com.intellij.rt.testng.RemoteTestNGStarter.main(RemoteTestNGStarter.java:109)
... Removed 21 stack frames]]>
    </failure>
  </testcase> <!-- verifyUserShouldLoginSuccessfullyWithValidCredentials -->
  <testcase name="dv" time="0.0" classname="com.herokuapp.internet.testbase.BaseTest">
    <ignored/>
  </testcase> <!-- dv -->
</testsuite> <!-- RegressionTest -->
